<?xml version="1.0" encoding="UTF-8"?>
<!-- Generated by org.testng.reporters.JUnitReportReporter -->
<testsuite hostname="DESKTOP-JLJMAA1" failures="0" tests="3" name="practice_with_framework.ValidLogin" time="41.409" errors="0" timestamp="2023-06-24T15:08:53 IST" skipped="0">
  <testcase classname="practice_with_framework.ValidLogin" name="testlogin" time="2.375"/>
  <system-out/>
  <testcase classname="practice_with_framework.ValidLogin" name="salesTest" time="18.468"/>
  <system-out/>
  <testcase classname="practice_with_framework.ValidLogin" name="itemTest" time="20.566"/>
  <system-out/>
</testsuite> <!-- practice_with_framework.ValidLogin -->
